<?xml version="1.0" encoding="utf-8"?><testsuites name="pytest tests"><testsuite name="pytest" errors="0" failures="0" skipped="0" tests="9" time="0.560" timestamp="2026-02-24T13:29:20.805195+05:30" hostname="DESKTOP-7C9U92E"><testcase classname="tests.test_extractors.TestSkillsExtractor" name="test_empty_data" time="0.002" /><testcase classname="tests.test_extractors.TestSkillsExtractor" name="test_extract_skills" time="0.001" /><testcase classname="tests.test_extractors.TestSkillsExtractor" name="test_invalid_data_format" time="0.001" /><testcase classname="tests.test_processors.TestSkillsAnalyzer" name="test_analyze_skills" time="0.001" /><testcase classname="tests.test_processors.TestSkillsAnalyzer" name="test_empty_data" time="0.001" /><testcase classname="tests.test_scrapers.TestLinkedInScraper" name="test_fetch_data" time="0.001" /><testcase classname="tests.test_scrapers.TestLinkedInScraper" name="test_parse_data" time="0.001" /><testcase classname="tests.test_scrapers.TestGlassdoorScraper" name="test_fetch_data" time="0.001" /><testcase classname="tests.test_scrapers.TestGlassdoorScraper" name="test_parse_data" time="0.001" /></testsuite></testsuites>